<?xml version="1.0" encoding="UTF-8"?>
<testsuite name="com.example.kotlinapp.ExampleUnitTest" tests="1" skipped="0" failures="0" errors="0" timestamp="2025-04-08T08:56:02" hostname="DESKTOP-TDJVV20" time="0.007">
  <properties/>
  <testcase name="addition_isCorrect" classname="com.example.kotlinapp.ExampleUnitTest" time="0.007"/>
  <system-out><![CDATA[]]></system-out>
  <system-err><![CDATA[]]></system-err>
</testsuite>
